<?xml version="1.0" encoding="UTF-8"?>
<!-- Generated by org.testng.reporters.JUnitXMLReporter -->
<testsuite ignored="0" hostname="Gauravs-Air.hub" failures="0" tests="4" name="Default test" time="8.044" errors="0" timestamp="2024-07-06T13:21:25 NZST">
  <testcase classname="api.storetests.StoreTest" name="addorder" time="3.12"/>
  <testcase classname="api.storetests.StoreTest" name="deletepurchasebyorderid" time="1.447"/>
  <testcase classname="api.storetests.StoreTest" name="findpurchasebypetid" time="1.338"/>
  <testcase classname="api.storetests.StoreTest" name="getpetbyinventory" time="1.514"/>
</testsuite> <!-- Default test -->
