<?xml version="1.0" encoding="UTF-8"?>
<!-- Generated by org.testng.reporters.JUnitXMLReporter -->
<testsuite ignored="0" hostname="Gauravs-Air.hub" failures="0" tests="8" name="Test" time="14.687" errors="0" timestamp="2024-07-06T13:54:40 NZST">
  <testcase classname="api.storetests.StoreTest" name="addorder" time="3.7"/>
  <testcase classname="api.storetests.StoreTest" name="deletepurchasebyorderid" time="1.443"/>
  <testcase classname="api.storetests.StoreTest" name="findpurchasebypetid" time="1.276"/>
  <testcase classname="api.storetests.StoreTest" name="getpetbyinventory" time="1.143"/>
  <testcase classname="api.storetests.StoreTest2" name="addorder" time="1.579"/>
  <testcase classname="api.storetests.StoreTest2" name="deletepurchasebyorderid" time="1.471"/>
  <testcase classname="api.storetests.StoreTest2" name="findpurchasebypetid" time="1.564"/>
  <testcase classname="api.storetests.StoreTest2" name="getpetbyinventory" time="1.531"/>
</testsuite> <!-- Test -->
