<?xml version="1.0" encoding="UTF-8"?>
<testng-results ignored="0" total="8" passed="8" failed="0" skipped="0">
  <reporter-output>
  </reporter-output>
  <suite started-at="2024-07-06T13:54:25 NZST" name="Suite" finished-at="2024-07-06T13:54:39 NZST" duration-ms="14687">
    <groups>
    </groups>
    <test started-at="2024-07-06T13:54:25 NZST" name="Test" finished-at="2024-07-06T13:54:39 NZST" duration-ms="14687">
      <class name="api.storetests.StoreTest">
        <test-method is-config="true" signature="beforetest()[pri:0, instance:api.storetests.StoreTest@15bb5034]" started-at="2024-07-06T13:54:25 NZST" name="beforetest" finished-at="2024-07-06T13:54:25 NZST" duration-ms="555" status="PASS">
          <reporter-output>
          </reporter-output>
        </test-method> <!-- beforetest -->
        <test-method signature="addorder()[pri:0, instance:api.storetests.StoreTest@15bb5034]" started-at="2024-07-06T13:54:25 NZST" name="addorder" finished-at="2024-07-06T13:54:29 NZST" duration-ms="3700" status="PASS">
          <reporter-output>
          </reporter-output>
        </test-method> <!-- addorder -->
        <test-method signature="deletepurchasebyorderid()[pri:0, instance:api.storetests.StoreTest@15bb5034]" started-at="2024-07-06T13:54:29 NZST" name="deletepurchasebyorderid" finished-at="2024-07-06T13:54:31 NZST" duration-ms="1443" status="PASS">
          <reporter-output>
          </reporter-output>
        </test-method> <!-- deletepurchasebyorderid -->
        <test-method signature="findpurchasebypetid()[pri:0, instance:api.storetests.StoreTest@15bb5034]" started-at="2024-07-06T13:54:31 NZST" name="findpurchasebypetid" finished-at="2024-07-06T13:54:32 NZST" duration-ms="1276" status="PASS">
          <reporter-output>
          </reporter-output>
        </test-method> <!-- findpurchasebypetid -->
        <test-method signature="getpetbyinventory()[pri:0, instance:api.storetests.StoreTest@15bb5034]" started-at="2024-07-06T13:54:32 NZST" name="getpetbyinventory" finished-at="2024-07-06T13:54:33 NZST" duration-ms="1143" status="PASS">
          <reporter-output>
          </reporter-output>
        </test-method> <!-- getpetbyinventory -->
      </class> <!-- api.storetests.StoreTest -->
      <class name="api.storetests.StoreTest2">
        <test-method is-config="true" signature="beforetest()[pri:0, instance:api.storetests.StoreTest2@7674f035]" started-at="2024-07-06T13:54:33 NZST" name="beforetest" finished-at="2024-07-06T13:54:33 NZST" duration-ms="1" status="PASS">
          <reporter-output>
          </reporter-output>
        </test-method> <!-- beforetest -->
        <test-method signature="addorder()[pri:0, instance:api.storetests.StoreTest2@7674f035]" started-at="2024-07-06T13:54:33 NZST" name="addorder" finished-at="2024-07-06T13:54:35 NZST" duration-ms="1579" status="PASS">
          <reporter-output>
          </reporter-output>
        </test-method> <!-- addorder -->
        <test-method signature="deletepurchasebyorderid()[pri:0, instance:api.storetests.StoreTest2@7674f035]" started-at="2024-07-06T13:54:35 NZST" name="deletepurchasebyorderid" finished-at="2024-07-06T13:54:36 NZST" duration-ms="1471" status="PASS">
          <reporter-output>
          </reporter-output>
        </test-method> <!-- deletepurchasebyorderid -->
        <test-method signature="findpurchasebypetid()[pri:0, instance:api.storetests.StoreTest2@7674f035]" started-at="2024-07-06T13:54:36 NZST" name="findpurchasebypetid" finished-at="2024-07-06T13:54:38 NZST" duration-ms="1564" status="PASS">
          <reporter-output>
          </reporter-output>
        </test-method> <!-- findpurchasebypetid -->
        <test-method signature="getpetbyinventory()[pri:0, instance:api.storetests.StoreTest2@7674f035]" started-at="2024-07-06T13:54:38 NZST" name="getpetbyinventory" finished-at="2024-07-06T13:54:39 NZST" duration-ms="1531" status="PASS">
          <reporter-output>
          </reporter-output>
        </test-method> <!-- getpetbyinventory -->
      </class> <!-- api.storetests.StoreTest2 -->
    </test> <!-- Test -->
  </suite> <!-- Suite -->
</testng-results>
