<?xml version="1.0" encoding="UTF-8"?>
<testng-results ignored="0" total="4" passed="4" failed="0" skipped="0">
  <reporter-output>
  </reporter-output>
  <suite started-at="2024-07-06T13:24:48 NZST" name="Suite" finished-at="2024-07-06T13:24:56 NZST" duration-ms="8602">
    <groups>
    </groups>
    <test started-at="2024-07-06T13:24:48 NZST" name="Test" finished-at="2024-07-06T13:24:56 NZST" duration-ms="8602">
      <class name="api.storetests.StoreTest">
        <test-method is-config="true" signature="beforetest()[pri:0, instance:api.storetests.StoreTest@78e4deb0]" started-at="2024-07-06T13:24:48 NZST" name="beforetest" finished-at="2024-07-06T13:24:49 NZST" duration-ms="514" status="PASS">
          <reporter-output>
          </reporter-output>
        </test-method> <!-- beforetest -->
        <test-method signature="addorder()[pri:0, instance:api.storetests.StoreTest@78e4deb0]" started-at="2024-07-06T13:24:49 NZST" name="addorder" finished-at="2024-07-06T13:24:52 NZST" duration-ms="3422" status="PASS">
          <reporter-output>
          </reporter-output>
        </test-method> <!-- addorder -->
        <test-method signature="deletepurchasebyorderid()[pri:0, instance:api.storetests.StoreTest@78e4deb0]" started-at="2024-07-06T13:24:52 NZST" name="deletepurchasebyorderid" finished-at="2024-07-06T13:24:54 NZST" duration-ms="1319" status="PASS">
          <reporter-output>
          </reporter-output>
        </test-method> <!-- deletepurchasebyorderid -->
        <test-method signature="findpurchasebypetid()[pri:0, instance:api.storetests.StoreTest@78e4deb0]" started-at="2024-07-06T13:24:54 NZST" name="findpurchasebypetid" finished-at="2024-07-06T13:24:55 NZST" duration-ms="1423" status="PASS">
          <reporter-output>
          </reporter-output>
        </test-method> <!-- findpurchasebypetid -->
        <test-method signature="getpetbyinventory()[pri:0, instance:api.storetests.StoreTest@78e4deb0]" started-at="2024-07-06T13:24:55 NZST" name="getpetbyinventory" finished-at="2024-07-06T13:24:56 NZST" duration-ms="1529" status="PASS">
          <reporter-output>
          </reporter-output>
        </test-method> <!-- getpetbyinventory -->
      </class> <!-- api.storetests.StoreTest -->
    </test> <!-- Test -->
  </suite> <!-- Suite -->
</testng-results>
